<?xml version="1.0" encoding="UTF-8"?>
<!-- Generated by org.testng.reporters.JUnitXMLReporter -->
<testsuite ignored="0" hostname="NGOC-THY-PC" failures="0" tests="3" name="run on firefox" time="37.246" errors="0" timestamp="20 Jul 2021 11:21:22 GMT">
  <testcase classname="com.jquery.Level_09_DataTable" name="TC_01_Paging" time="2.038"/>
  <testcase classname="com.jquery.Level_09_DataTable" name="TC_02_Search_In_Table" time="4.318"/>
  <testcase classname="com.jquery.Level_09_DataTable" name="TC_03_Edit_Remove_Row" time="13.38"/>
</testsuite> <!-- run on firefox -->
