<?xml version="1.0" encoding="UTF-8"?>
<!-- Generated by org.testng.reporters.JUnitXMLReporter -->
<testsuite ignored="0" hostname="NGOC-THY-PC" failures="0" tests="3" name="run on firefox" time="89.672" errors="0" timestamp="13 Jul 2021 03:10:03 GMT">
  <testcase classname="com.nopcommerce.user.Level_08_Register_Login_Dynamic_Locator" name="TC_01_Register" time="9.044"/>
  <testcase classname="com.nopcommerce.user.Level_08_Register_Login_Dynamic_Locator" name="TC_02_Login" time="4.5"/>
  <testcase classname="com.nopcommerce.user.Level_08_Register_Login_Dynamic_Locator" name="TC_03_MyAccount" time="6.69"/>
</testsuite> <!-- run on firefox -->
