<?xml version="1.0" encoding="UTF-8"?>
<!-- Generated by org.testng.reporters.JUnitXMLReporter -->
<testsuite ignored="0" hostname="NGOC-THY-PC" failures="0" tests="2" name="run on chrome" time="17.599" errors="0" timestamp="04 Jul 2021 02:41:47 GMT">
  <testcase classname="com.nopcommerce.user.Level_06_Register_Login_GeneratorManager" name="TC_01_Register" time="5.575"/>
  <testcase classname="com.nopcommerce.user.Level_06_Register_Login_GeneratorManager" name="TC_02_Login" time="5.677"/>
</testsuite> <!-- run on chrome -->
