<?xml version="1.0" encoding="UTF-8"?>
<!-- Generated by org.testng.reporters.JUnitXMLReporter -->
<testsuite ignored="0" hostname="NGOC-THY-PC" failures="0" tests="9" name="run on firefox" time="71.41" errors="0" timestamp="31 May 2021 12:53:51 GMT">
  <testcase classname="com.nopcommerce.user.Level_02_Register_Login_DRY_Part_I" name="TC_01_Register" time="7.455"/>
  <testcase classname="com.nopcommerce.user.Level_02_Register_Login_DRY_Part_I" name="TC_02_Login" time="2.13"/>
  <testcase classname="com.nopcommerce.user.Level_02_Register_Login_DRY_Part_I" name="TC_03_MyAccount" time="1.436"/>
  <testcase classname="com.nopcommerce.user.Level_02_Register_Login_DRY_Part_II" name="TC_01_Register" time="7.323"/>
  <testcase classname="com.nopcommerce.user.Level_02_Register_Login_DRY_Part_II" name="TC_02_Login" time="2.704"/>
  <testcase classname="com.nopcommerce.user.Level_02_Register_Login_DRY_Part_II" name="TC_03_MyAccount" time="1.282"/>
  <testcase classname="com.nopcommerce.user.Level_02_Register_Login_DRY_Part_III" name="TC_01_Register" time="5.947"/>
  <testcase classname="com.nopcommerce.user.Level_02_Register_Login_DRY_Part_III" name="TC_02_Login" time="2.652"/>
  <testcase classname="com.nopcommerce.user.Level_02_Register_Login_DRY_Part_III" name="TC_03_MyAccount" time="1.311"/>
</testsuite> <!-- run on firefox -->
