<?xml version="1.0" encoding="UTF-8"?>
<!-- Generated by org.testng.reporters.JUnitXMLReporter -->
<testsuite ignored="0" hostname="NGOC-THY-PC" failures="0" tests="2" name="Default test" time="23.829" errors="0" timestamp="28 Jun 2021 07:37:54 GMT">
  <testcase classname="com.nopcommerce.user.Level_05_Register_Login_PageObject_FactoryObject" name="TC_01_Register" time="8.328"/>
  <testcase classname="com.nopcommerce.user.Level_05_Register_Login_PageObject_FactoryObject" name="TC_02_Login" time="5.586"/>
</testsuite> <!-- Default test -->
