<?xml version="1.0" encoding="UTF-8"?>
<testng-results ignored="0" total="2" passed="2" failed="0" skipped="0">
  <reporter-output>
  </reporter-output>
  <suite started-at="2021-06-06T00:11:09Z" name="User NopCommerce" finished-at="2021-06-06T00:11:28Z" duration-ms="19606">
    <groups>
    </groups>
    <test started-at="2021-06-06T00:11:09Z" name="run on firefox" finished-at="2021-06-06T00:11:28Z" duration-ms="19606">
      <class name="com.nopcommerce.user.Level_03_Register_Login_POM">
        <test-method is-config="true" signature="beforeTest()[pri:0, instance:com.nopcommerce.user.Level_03_Register_Login_POM@1ce24091]" started-at="2021-06-06T00:11:09Z" name="beforeTest" finished-at="2021-06-06T00:11:17Z" duration-ms="8268" status="PASS">
          <reporter-output>
          </reporter-output>
        </test-method> <!-- beforeTest -->
        <test-method signature="TC_01_Register()[pri:0, instance:com.nopcommerce.user.Level_03_Register_Login_POM@1ce24091]" started-at="2021-06-06T00:11:17Z" name="TC_01_Register" finished-at="2021-06-06T00:11:23Z" duration-ms="6048" status="PASS">
          <reporter-output>
          </reporter-output>
        </test-method> <!-- TC_01_Register -->
        <test-method signature="TC_02_Login()[pri:0, instance:com.nopcommerce.user.Level_03_Register_Login_POM@1ce24091]" started-at="2021-06-06T00:11:23Z" name="TC_02_Login" finished-at="2021-06-06T00:11:27Z" duration-ms="3597" status="PASS">
          <reporter-output>
          </reporter-output>
        </test-method> <!-- TC_02_Login -->
        <test-method is-config="true" signature="afterTest()[pri:0, instance:com.nopcommerce.user.Level_03_Register_Login_POM@1ce24091]" started-at="2021-06-06T00:11:27Z" name="afterTest" finished-at="2021-06-06T00:11:28Z" duration-ms="1653" status="PASS">
          <reporter-output>
          </reporter-output>
        </test-method> <!-- afterTest -->
      </class> <!-- com.nopcommerce.user.Level_03_Register_Login_POM -->
    </test> <!-- run on firefox -->
  </suite> <!-- User NopCommerce -->
</testng-results>
